Arguments: 
  D:\node\node.exe C:\Users\21740\AppData\Local\node\corepack\yarn\1.22.19\bin\yarn.js add @rollup/plugin-commonjs@22.0.1 @rollup/plugin-node-reslove@13.3.0 @rollup/plugin-typescript@8.3.4

PATH: 
  C:\WINDOWS\system32;C:\WINDOWS;C:\WINDOWS\System32\Wbem;C:\WINDOWS\System32\WindowsPowerShell\v1.0\;C:\WINDOWS\System32\OpenSSH\;D:\node\;D:\node\node_global;D:\Git\cmd;D:\x86_64-8.1.0-release-posix-seh-rt_v6-rev0\cmake\bin;C:\Users\21740\AppData\Local\Microsoft\WindowsApps;D:\Microsoft VS Code\bin;C:\Users\21740\AppData\Roaming\npm;D:\node\node_global;D:\x86_64-8.1.0-release-posix-seh-rt_v6-rev0\mingw64\bin;

Yarn version: 
  1.22.19

Node version: 
  16.18.0

Platform: 
  win32 x64

Trace: 
  Error: https://registry.npm.taobao.org/@rollup%2fplugin-node-reslove: Not found
      at Request.params.callback [as _callback] (C:\Users\21740\AppData\Local\node\corepack\yarn\1.22.19\lib\cli.js:66145:18)
      at Request.self.callback (C:\Users\21740\AppData\Local\node\corepack\yarn\1.22.19\lib\cli.js:140890:22)
      at Request.emit (node:events:513:28)
      at Request.<anonymous> (C:\Users\21740\AppData\Local\node\corepack\yarn\1.22.19\lib\cli.js:141862:10)
      at Request.emit (node:events:513:28)
      at IncomingMessage.<anonymous> (C:\Users\21740\AppData\Local\node\corepack\yarn\1.22.19\lib\cli.js:141784:12)
      at Object.onceWrapper (node:events:627:28)
      at IncomingMessage.emit (node:events:525:35)
      at endReadableNT (node:internal/streams/readable:1358:12)
      at processTicksAndRejections (node:internal/process/task_queues:83:21)

npm manifest: 
  {
    "name": "vue-mini",
    "version": "1.0.0",
    "main": "index.js",
    "license": "MIT",
    "dependencies": {
      "typescript": "4.7.4"
    }
  }

yarn manifest: 
  No manifest

Lockfile: 
  # THIS IS AN AUTOGENERATED FILE. DO NOT EDIT THIS FILE DIRECTLY.
  # yarn lockfile v1
  
  
  typescript@4.7.4:
    version "4.7.4"
    resolved "https://registry.npmmirror.com/typescript/-/typescript-4.7.4.tgz#1a88596d1cf47d59507a1bcdfb5b9dfe4d488235"
    integrity sha512-C0WQT0gezHuw6AdY1M2jxUO83Rjf0HP7Sk1DtXj6j1EwkQNZrHAg2XPWlq62oqEhYvONq5pkC2Y9oPljWToLmQ==
